1678347824071	geckodriver	INFO	Listening on 127.0.0.1:52989
1678347827314	mozrunner::runner	INFO	Running command: "C:\\Program Files\\Mozilla Firefox\\firefox.exe" "--marionette" "--remote-debugging-port" "52990" "--remote-allow-hosts" "localhost" "-no-remote" "-profile" "C:\\Users\\Asus\\AppData\\Local\\Temp\\rust_mozprofiledzDYCI"
console.warn: services.settings: Ignoring preference override of remote settings server
console.warn: services.settings: Allow by setting MOZ_REMOTE_SETTINGS_DEVTOOLS=1 in the environment
1678347834461	Marionette	INFO	Marionette enabled
Dynamically enable window occlusion 0
1678347834511	Marionette	INFO	Listening on port 53002
Read port: 53002
WebDriver BiDi listening on ws://127.0.0.1:52990
Read port: 53002
Read port: 53002
Read port: 53002
Read port: 53002
1678347839600	RemoteAgent	WARN	TLS certificate errors will be ignored for this session
console.error: Region.sys.mjs: "Error fetching region" (new Error("TIMEOUT", "resource://gre/modules/Region.sys.mjs", 764))
console.error: Region.sys.mjs: "Failed to fetch region" (new Error("TIMEOUT", "resource://gre/modules/Region.sys.mjs", 416))
console.warn: SearchSettings: "get: No settings file exists, new profile?" (new NotFoundError("Could not open the file at C:\\Users\\Asus\\AppData\\Local\\Temp\\rust_mozprofiledzDYCI\\search.json.mozlz4", (void 0)))
DevTools listening on ws://127.0.0.1:52990/devtools/browser/75b56254-2ba2-40fd-8a7d-f1b287ee89b2
console.warn: LoginRecipes: "Falling back to a synchronous message for: https://demoblaze.com."
console.warn: LoginRecipes: "Falling back to a synchronous message for: https://demoblaze.com."
console.warn: LoginRecipes: "Falling back to a synchronous message for: https://demoblaze.com."
console.warn: LoginRecipes: "Falling back to a synchronous message for: https://demoblaze.com."
console.warn: LoginRecipes: "Falling back to a synchronous message for: https://demoblaze.com."
console.warn: LoginRecipes: "Falling back to a synchronous message for: https://demoblaze.com."
1678347922995	Marionette	INFO	Stopped listening on port 53002
Dynamically enable window occlusion 1
